1740086648533	geckodriver	INFO	Listening on 127.0.0.1:49716
1740086648551	mozrunner::runner	INFO	Running command: MOZ_CRASHREPORTER="1" MOZ_CRASHREPORTER_NO_REPORT="1" MOZ_CRASHREPORTER_SHUTDOWN="1" MOZ_NO_REMOTE="1" "/Use ... s" "localhost" "-foreground" "-no-remote" "-profile" "/var/folders/ll/_978_s0x3f53_zjcks83hv900000gn/T/rust_mozprofile5s99lZ"
console.warn: services.settings: Ignoring preference override of remote settings server
console.warn: services.settings: Allow by setting MOZ_REMOTE_SETTINGS_DEVTOOLS=1 in the environment
1740086648839	Marionette	INFO	Marionette enabled
console.error: "Warning: unrecognized command line flag" "-remote-allow-hosts"
1740086649032	Marionette	INFO	Listening on port 49722
WebDriver BiDi listening on ws://127.0.0.1:49717
Read port: 49722
1740086649147	RemoteAgent	WARN	TLS certificate errors will be ignored for this session
UNSUPPORTED (log once): POSSIBLE ISSUE: unit 1 GLD_TEXTURE_INDEX_2D is unloadable and bound to sampler type (Float) - using zero texture because texture unloadable
DevTools listening on ws://127.0.0.1:49717/devtools/browser/bf94baa9-37be-483e-be40-1b8e1b1779a0
1740086651326	Marionette	WARN	Ignoring event 'DOMContentLoaded' because document has an invalid readyState of 'complete'.
1740086651328	Marionette	WARN	Ignoring event 'DOMContentLoaded' because document has an invalid readyState of 'complete'.
JavaScript warning: https://www.google.com/js/th/CCqbUU7oAPQKZ-xQ6BdeHmr2fdInO3ml_e1mcqNpOI4.js, line 863: unreachable code after return statement
JavaScript warning: https://www.google.com/js/th/CCqbUU7oAPQKZ-xQ6BdeHmr2fdInO3ml_e1mcqNpOI4.js, line 863: unreachable code after return statement
JavaScript warning: https://www.google.com/js/th/CCqbUU7oAPQKZ-xQ6BdeHmr2fdInO3ml_e1mcqNpOI4.js, line 863: unreachable code after return statement
JavaScript warning: https://www.google.com/js/th/CCqbUU7oAPQKZ-xQ6BdeHmr2fdInO3ml_e1mcqNpOI4.js, line 863: unreachable code after return statement
JavaScript warning: https://www.google.com/js/th/CCqbUU7oAPQKZ-xQ6BdeHmr2fdInO3ml_e1mcqNpOI4.js, line 863: unreachable code after return statement
JavaScript warning: https://www.google.com/js/th/CCqbUU7oAPQKZ-xQ6BdeHmr2fdInO3ml_e1mcqNpOI4.js, line 863: unreachable code after return statement
JavaScript warning: https://www.google.com/js/th/CCqbUU7oAPQKZ-xQ6BdeHmr2fdInO3ml_e1mcqNpOI4.js line 2 > eval, line 863: unreachable code after return statement
JavaScript warning: https://www.google.com/js/th/CCqbUU7oAPQKZ-xQ6BdeHmr2fdInO3ml_e1mcqNpOI4.js line 2 > eval, line 863: unreachable code after return statement
JavaScript warning: https://www.google.com/js/th/CCqbUU7oAPQKZ-xQ6BdeHmr2fdInO3ml_e1mcqNpOI4.js line 2 > eval, line 863: unreachable code after return statement
JavaScript warning: https://www.google.com/js/th/CCqbUU7oAPQKZ-xQ6BdeHmr2fdInO3ml_e1mcqNpOI4.js line 2 > eval, line 863: unreachable code after return statement
JavaScript warning: https://www.google.com/js/th/CCqbUU7oAPQKZ-xQ6BdeHmr2fdInO3ml_e1mcqNpOI4.js line 2 > eval, line 863: unreachable code after return statement
JavaScript warning: https://www.google.com/js/th/CCqbUU7oAPQKZ-xQ6BdeHmr2fdInO3ml_e1mcqNpOI4.js line 2 > eval line 863 > eval, line 1: unreachable code after return statement
JavaScript warning: https://www.google.com/js/th/CCqbUU7oAPQKZ-xQ6BdeHmr2fdInO3ml_e1mcqNpOI4.js line 2 > eval line 863 > eval line 1 > eval, line 1: unreachable code after return statement
JavaScript warning: https://www.google.com/js/th/CCqbUU7oAPQKZ-xQ6BdeHmr2fdInO3ml_e1mcqNpOI4.js line 2 > eval line 863 > eval, line 1: unreachable code after return statement
JavaScript warning: https://www.google.com/js/th/CCqbUU7oAPQKZ-xQ6BdeHmr2fdInO3ml_e1mcqNpOI4.js line 2 > eval line 863 > eval line 1 > eval, line 1: unreachable code after return statement
JavaScript warning: https://www.google.com/js/th/CCqbUU7oAPQKZ-xQ6BdeHmr2fdInO3ml_e1mcqNpOI4.js line 2 > eval line 863 > eval, line 1: unreachable code after return statement
JavaScript warning: https://www.google.com/js/th/CCqbUU7oAPQKZ-xQ6BdeHmr2fdInO3ml_e1mcqNpOI4.js line 2 > eval line 863 > eval line 1 > eval, line 1: unreachable code after return statement
JavaScript warning: https://www.google.com/js/th/CCqbUU7oAPQKZ-xQ6BdeHmr2fdInO3ml_e1mcqNpOI4.js line 2 > eval, line 863: unreachable code after return statement
JavaScript warning: https://www.google.com/js/th/CCqbUU7oAPQKZ-xQ6BdeHmr2fdInO3ml_e1mcqNpOI4.js line 2 > eval line 863 > eval line 1 > eval, line 1: unreachable code after return statement
JavaScript warning: https://www.google.com/js/th/CCqbUU7oAPQKZ-xQ6BdeHmr2fdInO3ml_e1mcqNpOI4.js line 2 > eval line 863 > eval line 1 > eval, line 1: unreachable code after return statement
JavaScript warning: https://www.google.com/js/th/CCqbUU7oAPQKZ-xQ6BdeHmr2fdInO3ml_e1mcqNpOI4.js line 2 > eval line 863 > eval line 1 > eval, line 1: unreachable code after return statement
JavaScript warning: https://www.google.com/js/th/CCqbUU7oAPQKZ-xQ6BdeHmr2fdInO3ml_e1mcqNpOI4.js line 2 > eval line 863 > eval line 1 > eval, line 1: unreachable code after return statement
JavaScript warning: https://www.google.com/js/th/CCqbUU7oAPQKZ-xQ6BdeHmr2fdInO3ml_e1mcqNpOI4.js line 2 > eval line 863 > eval line 1 > eval line 1 > eval, line 1: unreachable code after return statement
JavaScript warning: https://www.google.com/js/th/CCqbUU7oAPQKZ-xQ6BdeHmr2fdInO3ml_e1mcqNpOI4.js line 2 > eval line 863 > eval line 1 > eval line 1 > eval, line 1: unreachable code after return statement
JavaScript warning: https://www.google.com/js/th/CCqbUU7oAPQKZ-xQ6BdeHmr2fdInO3ml_e1mcqNpOI4.js line 2 > eval line 863 > eval line 1 > eval line 1 > eval, line 1: unreachable code after return statement
JavaScript warning: https://www.google.com/js/th/CCqbUU7oAPQKZ-xQ6BdeHmr2fdInO3ml_e1mcqNpOI4.js line 2 > eval line 863 > eval line 1 > eval line 1 > eval, line 1: unreachable code after return statement
JavaScript warning: https://www.google.com/js/th/CCqbUU7oAPQKZ-xQ6BdeHmr2fdInO3ml_e1mcqNpOI4.js line 2 > eval line 863 > eval line 1 > eval line 1 > eval, line 1: WEBGL_debug_renderer_info is deprecated in Firefox and will be removed. Please use RENDERER.
JavaScript warning: https://www.youtube.com/watch?v=_mXMy57Eptg&list=RDEM7V4o2ssOVJ_Mx2M3wiwEDA&start_radio=1 line 2509 > injectedScript, line 3081: unreachable code after return statement
JavaScript warning: https://www.youtube.com/watch?v=_mXMy57Eptg&list=RDEM7V4o2ssOVJ_Mx2M3wiwEDA&start_radio=1 line 2509 > injectedScript, line 3081: unreachable code after return statement
JavaScript warning: https://www.youtube.com/watch?v=_mXMy57Eptg&list=RDEM7V4o2ssOVJ_Mx2M3wiwEDA&start_radio=1 line 2509 > injectedScript, line 3081: unreachable code after return statement
JavaScript warning: https://www.youtube.com/watch?v=_mXMy57Eptg&list=RDEM7V4o2ssOVJ_Mx2M3wiwEDA&start_radio=1 line 2509 > injectedScript, line 3081: unreachable code after return statement
JavaScript warning: https://www.youtube.com/watch?v=_mXMy57Eptg&list=RDEM7V4o2ssOVJ_Mx2M3wiwEDA&start_radio=1 line 2509 > injectedScript, line 3081: unreachable code after return statement
JavaScript warning: https://www.youtube.com/watch?v=_mXMy57Eptg&list=RDEM7V4o2ssOVJ_Mx2M3wiwEDA&start_radio=1 line 2509 > injectedScript, line 3081: unreachable code after return statement
JavaScript warning: https://www.youtube.com/watch?v=_mXMy57Eptg&list=RDEM7V4o2ssOVJ_Mx2M3wiwEDA&start_radio=1 line 2509 > injectedScript line 2 > eval, line 3081: unreachable code after return statement
JavaScript warning: https://www.youtube.com/watch?v=_mXMy57Eptg&list=RDEM7V4o2ssOVJ_Mx2M3wiwEDA&start_radio=1 line 2509 > injectedScript line 2 > eval, line 3081: unreachable code after return statement
JavaScript warning: https://www.youtube.com/watch?v=_mXMy57Eptg&list=RDEM7V4o2ssOVJ_Mx2M3wiwEDA&start_radio=1 line 2509 > injectedScript line 2 > eval, line 3081: unreachable code after return statement
JavaScript warning: https://www.youtube.com/watch?v=_mXMy57Eptg&list=RDEM7V4o2ssOVJ_Mx2M3wiwEDA&start_radio=1 line 2509 > injectedScript line 2 > eval, line 3081: unreachable code after return statement
JavaScript warning: https://www.youtube.com/watch?v=_mXMy57Eptg&list=RDEM7V4o2ssOVJ_Mx2M3wiwEDA&start_radio=1 line 2509 > injectedScript line 2 > eval, line 3081: unreachable code after return statement
JavaScript warning: https://www.youtube.com/watch?v=_mXMy57Eptg&list=RDEM7V4o2ssOVJ_Mx2M3wiwEDA&start_radio=1 line 2509 > injectedScript line 2 > eval line 3081 > eval, line 1: unreachable code after return statement
JavaScript warning: https://www.youtube.com/watch?v=_mXMy57Eptg&list=RDEM7V4o2ssOVJ_Mx2M3wiwEDA&start_radio=1 line 2509 > injectedScript line 2 > eval line 3081 > eval line 1 > eval, line 1: unreachable code after return statement
JavaScript warning: https://www.youtube.com/watch?v=_mXMy57Eptg&list=RDEM7V4o2ssOVJ_Mx2M3wiwEDA&start_radio=1 line 2509 > injectedScript line 2 > eval line 3081 > eval, line 1: unreachable code after return statement
JavaScript warning: https://www.youtube.com/watch?v=_mXMy57Eptg&list=RDEM7V4o2ssOVJ_Mx2M3wiwEDA&start_radio=1 line 2509 > injectedScript line 2 > eval line 3081 > eval line 1 > eval, line 1: unreachable code after return statement
JavaScript warning: https://www.youtube.com/watch?v=_mXMy57Eptg&list=RDEM7V4o2ssOVJ_Mx2M3wiwEDA&start_radio=1 line 2509 > injectedScript line 2 > eval line 3081 > eval, line 1: unreachable code after return statement
JavaScript warning: https://www.youtube.com/watch?v=_mXMy57Eptg&list=RDEM7V4o2ssOVJ_Mx2M3wiwEDA&start_radio=1 line 2509 > injectedScript line 2 > eval line 3081 > eval line 1 > eval, line 1: unreachable code after return statement
JavaScript warning: https://www.youtube.com/watch?v=_mXMy57Eptg&list=RDEM7V4o2ssOVJ_Mx2M3wiwEDA&start_radio=1 line 2509 > injectedScript line 2 > eval, line 3081: unreachable code after return statement
JavaScript warning: https://www.youtube.com/watch?v=_mXMy57Eptg&list=RDEM7V4o2ssOVJ_Mx2M3wiwEDA&start_radio=1 line 2509 > injectedScript line 2 > eval line 3081 > eval line 1 > eval, line 1: unreachable code after return statement
JavaScript warning: https://www.youtube.com/watch?v=_mXMy57Eptg&list=RDEM7V4o2ssOVJ_Mx2M3wiwEDA&start_radio=1 line 2509 > injectedScript line 2 > eval line 3081 > eval line 1 > eval, line 1: unreachable code after return statement
JavaScript warning: https://www.youtube.com/watch?v=_mXMy57Eptg&list=RDEM7V4o2ssOVJ_Mx2M3wiwEDA&start_radio=1 line 2509 > injectedScript line 2 > eval line 3081 > eval line 1 > eval, line 1: unreachable code after return statement
JavaScript warning: https://www.youtube.com/watch?v=_mXMy57Eptg&list=RDEM7V4o2ssOVJ_Mx2M3wiwEDA&start_radio=1 line 2509 > injectedScript line 2 > eval line 3081 > eval line 1 > eval, line 1: unreachable code after return statement
JavaScript warning: https://www.youtube.com/watch?v=_mXMy57Eptg&list=RDEM7V4o2ssOVJ_Mx2M3wiwEDA&start_radio=1 line 2509 > injectedScript line 2 > eval line 3081 > eval line 1 > eval line 1 > eval, line 1: unreachable code after return statement
JavaScript warning: https://www.youtube.com/watch?v=_mXMy57Eptg&list=RDEM7V4o2ssOVJ_Mx2M3wiwEDA&start_radio=1 line 2509 > injectedScript line 2 > eval line 3081 > eval line 1 > eval line 1 > eval, line 1: unreachable code after return statement
JavaScript warning: https://www.youtube.com/watch?v=_mXMy57Eptg&list=RDEM7V4o2ssOVJ_Mx2M3wiwEDA&start_radio=1 line 2509 > injectedScript line 2 > eval line 3081 > eval line 1 > eval line 1 > eval, line 1: unreachable code after return statement
JavaScript warning: https://www.youtube.com/watch?v=_mXMy57Eptg&list=RDEM7V4o2ssOVJ_Mx2M3wiwEDA&start_radio=1 line 2509 > injectedScript line 2 > eval line 3081 > eval line 1 > eval line 1 > eval, line 1: unreachable code after return statement
1740086657999	Marionette	INFO	Stopped listening on port 49722
JavaScript warning: https://www.youtube.com/s/_/ytmainappweb/_/js/k=ytmainappweb.kevlar_base.en_US.biBDh8W0wJM.es5.O/d=0/br=1/rs=AGKMywFULKN6-ywkOE4V0ox592kI-_6l6g, line 307: Script terminated by timeout at:
vc@https://www.youtube.com/s/_/ytmainappweb/_/js/k=ytmainappweb.kevlar_base.en_US.biBDh8W0wJM.es5.O/d=0/br=1/rs=AGKMywFULKN6-ywkOE4V0ox592kI-_6l6g:307:19
L1a@https://www.youtube.com/s/_/ytmainappweb/_/js/k=ytmainappweb.kevlar_base.en_US.biBDh8W0wJM.es5.O/d=0/br=1/rs=AGKMywFULKN6-ywkOE4V0ox592kI-_6l6g:4271:100
Qea.prototype.flush@https://www.youtube.com/s/_/ytmainappweb/_/js/k=ytmainappweb.kevlar_base.en_US.biBDh8W0wJM.es5.O/d=0/br=1/rs=AGKMywFULKN6-ywkOE4V0ox592kI-_6l6g:4458:127
flush@https://www.youtube.com/s/_/ytmainappweb/_/js/k=ytmainappweb.kevlar_base.en_US.biBDh8W0wJM.es5.O/d=0/br=1/rs=AGKMywFULKN6-ywkOE4V0ox592kI-_6l6g:498:224
pe.prototype.snapshotAndFlush@https://www.youtube.com/s/_/ytmainappweb/_/js/k=ytmainappweb.kevlar_base.en_US.biBDh8W0wJM.es5.O/d=0/br=1/rs=AGKMywFULKN6-ywkOE4V0ox592kI-_6l6g:4573:30
se/this.flushDebouncer<@https://www.youtube.com/s/_/ytmainappweb/_/js/k=ytmainappweb.kevlar_base.en_US.biBDh8W0wJM.es5.O/d=0/br=1/rs=AGKMywFULKN6-ywkOE4V0ox592kI-_6l6g:4658:138
b4a/a.timer<@https://www.youtube.com/s/_/ytmainappweb/_/js/k=ytmainappweb.kevlar_base.en_US.biBDh8W0wJM.es5.O/d=0/br=1/rs=AGKMywFULKN6-ywkOE4V0ox592kI-_6l6g:4642:156

JavaScript error: https://www.youtube.com/watch?v=_mXMy57Eptg&list=RDEM7V4o2ssOVJ_Mx2M3wiwEDA&start_radio=1&themeRefresh=1, line 12: TypeError: can't access dead object
JavaScript error: https://www.youtube.com/watch?v=_mXMy57Eptg&list=RDEM7V4o2ssOVJ_Mx2M3wiwEDA&start_radio=1&themeRefresh=1, line 12: TypeError: can't access dead object
JavaScript error: https://www.youtube.com/watch?v=_mXMy57Eptg&list=RDEM7V4o2ssOVJ_Mx2M3wiwEDA&start_radio=1&themeRefresh=1, line 12: TypeError: can't access dead object
JavaScript error: https://www.youtube.com/watch?v=_mXMy57Eptg&list=RDEM7V4o2ssOVJ_Mx2M3wiwEDA&start_radio=1&themeRefresh=1, line 12: TypeError: can't access dead object
JavaScript error: https://www.youtube.com/watch?v=_mXMy57Eptg&list=RDEM7V4o2ssOVJ_Mx2M3wiwEDA&start_radio=1&themeRefresh=1, line 12: TypeError: can't access dead object
JavaScript error: https://www.youtube.com/watch?v=_mXMy57Eptg&list=RDEM7V4o2ssOVJ_Mx2M3wiwEDA&start_radio=1&themeRefresh=1, line 12: TypeError: can't access dead object
JavaScript error: https://www.youtube.com/watch?v=_mXMy57Eptg&list=RDEM7V4o2ssOVJ_Mx2M3wiwEDA&start_radio=1&themeRefresh=1, line 12: TypeError: can't access dead object
JavaScript error: https://www.youtube.com/watch?v=_mXMy57Eptg&list=RDEM7V4o2ssOVJ_Mx2M3wiwEDA&start_radio=1&themeRefresh=1, line 12: TypeError: can't access dead object
JavaScript error: https://www.youtube.com/watch?v=_mXMy57Eptg&list=RDEM7V4o2ssOVJ_Mx2M3wiwEDA&start_radio=1&themeRefresh=1, line 12: TypeError: can't access dead object
JavaScript error: https://www.youtube.com/watch?v=_mXMy57Eptg&list=RDEM7V4o2ssOVJ_Mx2M3wiwEDA&start_radio=1&themeRefresh=1, line 12: TypeError: can't access dead object
JavaScript error: https://www.youtube.com/watch?v=_mXMy57Eptg&list=RDEM7V4o2ssOVJ_Mx2M3wiwEDA&start_radio=1&themeRefresh=1, line 12: TypeError: can't access dead object
JavaScript error: https://www.youtube.com/watch?v=_mXMy57Eptg&list=RDEM7V4o2ssOVJ_Mx2M3wiwEDA&start_radio=1&themeRefresh=1, line 12: TypeError: can't access dead object
JavaScript error: https://www.youtube.com/watch?v=_mXMy57Eptg&list=RDEM7V4o2ssOVJ_Mx2M3wiwEDA&start_radio=1&themeRefresh=1, line 12: TypeError: can't access dead object
JavaScript error: https://www.youtube.com/watch?v=_mXMy57Eptg&list=RDEM7V4o2ssOVJ_Mx2M3wiwEDA&start_radio=1&themeRefresh=1, line 12: TypeError: can't access dead object
JavaScript error: https://www.youtube.com/watch?v=_mXMy57Eptg&list=RDEM7V4o2ssOVJ_Mx2M3wiwEDA&start_radio=1&themeRefresh=1, line 12: TypeError: can't access dead object
JavaScript error: https://www.youtube.com/watch?v=_mXMy57Eptg&list=RDEM7V4o2ssOVJ_Mx2M3wiwEDA&start_radio=1&themeRefresh=1, line 12: TypeError: can't access dead object
JavaScript error: https://www.youtube.com/watch?v=_mXMy57Eptg&list=RDEM7V4o2ssOVJ_Mx2M3wiwEDA&start_radio=1&themeRefresh=1, line 12: TypeError: can't access dead object
JavaScript error: https://www.youtube.com/watch?v=_mXMy57Eptg&list=RDEM7V4o2ssOVJ_Mx2M3wiwEDA&start_radio=1&themeRefresh=1, line 12: TypeError: can't access dead object
JavaScript error: https://www.youtube.com/watch?v=_mXMy57Eptg&list=RDEM7V4o2ssOVJ_Mx2M3wiwEDA&start_radio=1&themeRefresh=1, line 12: TypeError: can't access dead object
JavaScript error: https://www.youtube.com/watch?v=_mXMy57Eptg&list=RDEM7V4o2ssOVJ_Mx2M3wiwEDA&start_radio=1&themeRefresh=1, line 12: TypeError: can't access dead object
JavaScript error: https://www.youtube.com/watch?v=_mXMy57Eptg&list=RDEM7V4o2ssOVJ_Mx2M3wiwEDA&start_radio=1&themeRefresh=1, line 12: TypeError: can't access dead object
JavaScript error: https://www.youtube.com/watch?v=_mXMy57Eptg&list=RDEM7V4o2ssOVJ_Mx2M3wiwEDA&start_radio=1&themeRefresh=1, line 12: TypeError: can't access dead object
JavaScript error: https://www.youtube.com/watch?v=_mXMy57Eptg&list=RDEM7V4o2ssOVJ_Mx2M3wiwEDA&start_radio=1&themeRefresh=1, line 12: TypeError: can't access dead object
JavaScript error: https://www.google.com/js/th/CCqbUU7oAPQKZ-xQ6BdeHmr2fdInO3ml_e1mcqNpOI4.js line 2 > eval, line 863: TypeError: can't access dead object
