1740092358681	geckodriver	INFO	Listening on 127.0.0.1:57111
1740092358699	mozrunner::runner	INFO	Running command: MOZ_CRASHREPORTER="1" MOZ_CRASHREPORTER_NO_REPORT="1" MOZ_CRASHREPORTER_SHUTDOWN="1" MOZ_NO_REMOTE="1" "/Use ... s" "localhost" "-foreground" "-no-remote" "-profile" "/var/folders/ll/_978_s0x3f53_zjcks83hv900000gn/T/rust_mozprofileTrFz7o"
console.warn: services.settings: Ignoring preference override of remote settings server
console.warn: services.settings: Allow by setting MOZ_REMOTE_SETTINGS_DEVTOOLS=1 in the environment
1740092359291	Marionette	INFO	Marionette enabled
console.error: "Warning: unrecognized command line flag" "-remote-allow-hosts"
1740092359555	Marionette	INFO	Listening on port 57120
WebDriver BiDi listening on ws://127.0.0.1:57112
Read port: 57120
1740092359697	RemoteAgent	WARN	TLS certificate errors will be ignored for this session
UNSUPPORTED (log once): POSSIBLE ISSUE: unit 1 GLD_TEXTURE_INDEX_2D is unloadable and bound to sampler type (Float) - using zero texture because texture unloadable
DevTools listening on ws://127.0.0.1:57112/devtools/browser/5f627e42-b82a-47f0-ab62-c01923f7c59d
1740092361929	Marionette	WARN	Ignoring event 'DOMContentLoaded' because document has an invalid readyState of 'complete'.
JavaScript warning: https://www.google.com/js/th/CCqbUU7oAPQKZ-xQ6BdeHmr2fdInO3ml_e1mcqNpOI4.js, line 4511: unreachable code after return statement
JavaScript warning: https://www.google.com/js/th/CCqbUU7oAPQKZ-xQ6BdeHmr2fdInO3ml_e1mcqNpOI4.js, line 4511: unreachable code after return statement
JavaScript warning: https://www.google.com/js/th/CCqbUU7oAPQKZ-xQ6BdeHmr2fdInO3ml_e1mcqNpOI4.js, line 4511: unreachable code after return statement
JavaScript warning: https://www.google.com/js/th/CCqbUU7oAPQKZ-xQ6BdeHmr2fdInO3ml_e1mcqNpOI4.js, line 4511: unreachable code after return statement
JavaScript warning: https://www.google.com/js/th/CCqbUU7oAPQKZ-xQ6BdeHmr2fdInO3ml_e1mcqNpOI4.js, line 4511: unreachable code after return statement
JavaScript warning: https://www.google.com/js/th/CCqbUU7oAPQKZ-xQ6BdeHmr2fdInO3ml_e1mcqNpOI4.js, line 4511: unreachable code after return statement
JavaScript warning: https://www.google.com/js/th/CCqbUU7oAPQKZ-xQ6BdeHmr2fdInO3ml_e1mcqNpOI4.js line 2 > eval, line 4511: unreachable code after return statement
JavaScript warning: https://www.google.com/js/th/CCqbUU7oAPQKZ-xQ6BdeHmr2fdInO3ml_e1mcqNpOI4.js line 2 > eval, line 4511: unreachable code after return statement
JavaScript warning: https://www.google.com/js/th/CCqbUU7oAPQKZ-xQ6BdeHmr2fdInO3ml_e1mcqNpOI4.js line 2 > eval, line 4511: unreachable code after return statement
JavaScript warning: https://www.google.com/js/th/CCqbUU7oAPQKZ-xQ6BdeHmr2fdInO3ml_e1mcqNpOI4.js line 2 > eval, line 4511: unreachable code after return statement
JavaScript warning: https://www.google.com/js/th/CCqbUU7oAPQKZ-xQ6BdeHmr2fdInO3ml_e1mcqNpOI4.js line 2 > eval, line 4511: unreachable code after return statement
JavaScript warning: https://www.google.com/js/th/CCqbUU7oAPQKZ-xQ6BdeHmr2fdInO3ml_e1mcqNpOI4.js line 2 > eval, line 1: unreachable code after return statement
JavaScript warning: https://www.google.com/js/th/CCqbUU7oAPQKZ-xQ6BdeHmr2fdInO3ml_e1mcqNpOI4.js line 2 > eval line 4511 > eval, line 1: unreachable code after return statement
JavaScript warning: https://www.google.com/js/th/CCqbUU7oAPQKZ-xQ6BdeHmr2fdInO3ml_e1mcqNpOI4.js line 2 > eval, line 1: unreachable code after return statement
JavaScript warning: https://www.google.com/js/th/CCqbUU7oAPQKZ-xQ6BdeHmr2fdInO3ml_e1mcqNpOI4.js line 2 > eval line 4511 > eval, line 1: unreachable code after return statement
JavaScript warning: https://www.google.com/js/th/CCqbUU7oAPQKZ-xQ6BdeHmr2fdInO3ml_e1mcqNpOI4.js line 2 > eval, line 1: unreachable code after return statement
JavaScript warning: https://www.google.com/js/th/CCqbUU7oAPQKZ-xQ6BdeHmr2fdInO3ml_e1mcqNpOI4.js line 2 > eval line 4511 > eval, line 1: unreachable code after return statement
JavaScript warning: https://www.google.com/js/th/CCqbUU7oAPQKZ-xQ6BdeHmr2fdInO3ml_e1mcqNpOI4.js line 2 > eval, line 4511: unreachable code after return statement
JavaScript warning: https://www.google.com/js/th/CCqbUU7oAPQKZ-xQ6BdeHmr2fdInO3ml_e1mcqNpOI4.js line 2 > eval line 4511 > eval line 1 > eval, line 1: unreachable code after return statement
JavaScript warning: https://www.google.com/js/th/CCqbUU7oAPQKZ-xQ6BdeHmr2fdInO3ml_e1mcqNpOI4.js line 2 > eval line 4511 > eval line 1 > eval, line 1: unreachable code after return statement
JavaScript warning: https://www.google.com/js/th/CCqbUU7oAPQKZ-xQ6BdeHmr2fdInO3ml_e1mcqNpOI4.js line 2 > eval line 4511 > eval line 1 > eval, line 1: unreachable code after return statement
JavaScript warning: https://www.google.com/js/th/CCqbUU7oAPQKZ-xQ6BdeHmr2fdInO3ml_e1mcqNpOI4.js line 2 > eval line 4511 > eval line 1 > eval, line 1: unreachable code after return statement
JavaScript warning: https://www.google.com/js/th/CCqbUU7oAPQKZ-xQ6BdeHmr2fdInO3ml_e1mcqNpOI4.js line 2 > eval line 4511 > eval line 1 > eval line 1 > eval, line 1: unreachable code after return statement
JavaScript warning: https://www.google.com/js/th/CCqbUU7oAPQKZ-xQ6BdeHmr2fdInO3ml_e1mcqNpOI4.js line 2 > eval line 4511 > eval line 1 > eval line 1 > eval, line 1: unreachable code after return statement
JavaScript warning: https://www.google.com/js/th/CCqbUU7oAPQKZ-xQ6BdeHmr2fdInO3ml_e1mcqNpOI4.js line 2 > eval line 4511 > eval line 1 > eval line 1 > eval, line 1: unreachable code after return statement
JavaScript warning: https://www.google.com/js/th/CCqbUU7oAPQKZ-xQ6BdeHmr2fdInO3ml_e1mcqNpOI4.js line 2 > eval line 4511 > eval line 1 > eval line 1 > eval, line 1: unreachable code after return statement
JavaScript warning: https://www.google.com/js/th/CCqbUU7oAPQKZ-xQ6BdeHmr2fdInO3ml_e1mcqNpOI4.js line 2 > eval line 4511 > eval line 1 > eval line 1 > eval, line 1: WEBGL_debug_renderer_info is deprecated in Firefox and will be removed. Please use RENDERER.
JavaScript warning: https://www.youtube.com/results?search_query=arjona line 2509 > injectedScript, line 3846: unreachable code after return statement
JavaScript warning: https://www.youtube.com/results?search_query=arjona line 2509 > injectedScript, line 3846: unreachable code after return statement
JavaScript warning: https://www.youtube.com/results?search_query=arjona line 2509 > injectedScript, line 3846: unreachable code after return statement
JavaScript warning: https://www.youtube.com/results?search_query=arjona line 2509 > injectedScript, line 3846: unreachable code after return statement
JavaScript warning: https://www.youtube.com/results?search_query=arjona line 2509 > injectedScript, line 3846: unreachable code after return statement
JavaScript warning: https://www.youtube.com/results?search_query=arjona line 2509 > injectedScript, line 3846: unreachable code after return statement
JavaScript warning: https://www.youtube.com/results?search_query=arjona line 2509 > injectedScript line 2 > eval, line 3846: unreachable code after return statement
JavaScript warning: https://www.youtube.com/results?search_query=arjona line 2509 > injectedScript line 2 > eval, line 3846: unreachable code after return statement
JavaScript warning: https://www.youtube.com/results?search_query=arjona line 2509 > injectedScript line 2 > eval, line 3846: unreachable code after return statement
JavaScript warning: https://www.youtube.com/results?search_query=arjona line 2509 > injectedScript line 2 > eval, line 3846: unreachable code after return statement
JavaScript warning: https://www.youtube.com/results?search_query=arjona line 2509 > injectedScript line 2 > eval, line 3846: unreachable code after return statement
JavaScript warning: https://www.youtube.com/results?search_query=arjona line 2509 > injectedScript line 2 > eval, line 1: unreachable code after return statement
JavaScript warning: https://www.youtube.com/results?search_query=arjona line 2509 > injectedScript line 2 > eval line 3846 > eval, line 1: unreachable code after return statement
JavaScript warning: https://www.youtube.com/results?search_query=arjona line 2509 > injectedScript line 2 > eval line 3846 > eval, line 1: unreachable code after return statement
JavaScript warning: https://www.youtube.com/results?search_query=arjona line 2509 > injectedScript line 2 > eval line 3846 > eval line 1 > eval, line 1: unreachable code after return statement
JavaScript warning: https://www.youtube.com/results?search_query=arjona line 2509 > injectedScript line 2 > eval line 3846 > eval, line 1: unreachable code after return statement
JavaScript warning: https://www.youtube.com/results?search_query=arjona line 2509 > injectedScript line 2 > eval line 3846 > eval line 1 > eval, line 1: unreachable code after return statement
JavaScript warning: https://www.youtube.com/results?search_query=arjona line 2509 > injectedScript line 2 > eval, line 3846: unreachable code after return statement
JavaScript warning: https://www.youtube.com/results?search_query=arjona line 2509 > injectedScript line 2 > eval line 3846 > eval line 1 > eval, line 1: unreachable code after return statement
JavaScript warning: https://www.youtube.com/results?search_query=arjona line 2509 > injectedScript line 2 > eval line 3846 > eval line 1 > eval, line 1: unreachable code after return statement
JavaScript warning: https://www.youtube.com/results?search_query=arjona line 2509 > injectedScript line 2 > eval line 3846 > eval line 1 > eval, line 1: unreachable code after return statement
JavaScript warning: https://www.youtube.com/results?search_query=arjona line 2509 > injectedScript line 2 > eval line 3846 > eval line 1 > eval, line 1: unreachable code after return statement
JavaScript warning: https://www.youtube.com/results?search_query=arjona line 2509 > injectedScript line 2 > eval line 3846 > eval line 1 > eval line 1 > eval, line 1: unreachable code after return statement
JavaScript warning: https://www.youtube.com/results?search_query=arjona line 2509 > injectedScript line 2 > eval line 3846 > eval line 1 > eval line 1 > eval, line 1: unreachable code after return statement
JavaScript warning: https://www.youtube.com/results?search_query=arjona line 2509 > injectedScript line 2 > eval line 3846 > eval line 1 > eval line 1 > eval, line 1: unreachable code after return statement
JavaScript warning: https://www.youtube.com/results?search_query=arjona line 2509 > injectedScript line 2 > eval line 3846 > eval line 1 > eval line 1 > eval, line 1: unreachable code after return statement
[Child 64505, MediaDecoderStateMachine #1] WARNING: Decoder=12561c400 state=DECODING_METADATA Decode metadata failed, shutting down decoder: file /builds/worker/checkouts/gecko/dom/media/MediaDecoderStateMachine.cpp:372
[Child 64505, MediaDecoderStateMachine #1] WARNING: Decoder=12561c400 Decode error: NS_ERROR_DOM_MEDIA_METADATA_ERR (0x806e0006) - static MP4Metadata::ResultAndByteBuffer mozilla::MP4Metadata::Metadata(ByteStream *): Cannot parse metadata: file /builds/worker/checkouts/gecko/dom/media/MediaDecoderStateMachineBase.cpp:168
[Child 64505, MediaDecoderStateMachine #1] WARNING: Decoder=129cfa800 state=DECODING_METADATA Decode metadata failed, shutting down decoder: file /builds/worker/checkouts/gecko/dom/media/MediaDecoderStateMachine.cpp:372
[Child 64505, MediaDecoderStateMachine #1] WARNING: Decoder=129cfa800 Decode error: NS_ERROR_DOM_MEDIA_METADATA_ERR (0x806e0006) - static MP4Metadata::ResultAndByteBuffer mozilla::MP4Metadata::Metadata(ByteStream *): Cannot parse metadata: file /builds/worker/checkouts/gecko/dom/media/MediaDecoderStateMachineBase.cpp:168
JavaScript error: resource:///modules/sessionstore/SessionStore.sys.mjs, line 4114: TypeError: winData is undefined
JavaScript warning: https://www.youtube.com/s/_/ytmainappweb/_/js/k=ytmainappweb.kevlar_base.en_US.biBDh8W0wJM.es5.O/d=0/br=1/rs=AGKMywFULKN6-ywkOE4V0ox592kI-_6l6g, line 5774: Script terminated by timeout at:
qy.prototype.transition@https://www.youtube.com/s/_/ytmainappweb/_/js/k=ytmainappweb.kevlar_base.en_US.biBDh8W0wJM.es5.O/d=0/br=1/rs=AGKMywFULKN6-ywkOE4V0ox592kI-_6l6g:5774:33
NI/<@https://www.youtube.com/s/_/ytmainappweb/_/js/k=ytmainappweb.kevlar_base.en_US.biBDh8W0wJM.es5.O/d=0/br=1/rs=AGKMywFULKN6-ywkOE4V0ox592kI-_6l6g:11635:114

1740092661954	Marionette	INFO	Stopped listening on port 57120
